<?xml version="1.0" encoding="UTF-8"?>
<testsuite xmlns:xsi="http://www.w3.org/2001/XMLSchema-instance" xsi:noNamespaceSchemaLocation="https://maven.apache.org/surefire/maven-surefire-plugin/xsd/surefire-test-report-3.0.xsd" version="3.0" name="com.dai.dai.BeG1Dai1CTn2024ApplicationTests" time="13.917" tests="1" errors="0" skipped="0" failures="0">
  <properties>
[...]
</properties>
  <testcase name="contextLoads" classname="com.dai.dai.BeG1Dai1CTn2024ApplicationTests" time="0.851">
    <system-out><![CDATA[10:32:16.959 [main] INFO org.springframework.test.context.support.AnnotationConfigContextLoaderUtils -- Could not detect default configuration classes for test class [com.dai.dai.BeG1Dai1CTn2024ApplicationTests]: BeG1Dai1CTn2024ApplicationTests does not declare any static, non-private, non-final, nested classes annotated with @Configuration.
10:32:17.145 [main] INFO org.springframework.boot.test.context.SpringBootTestContextBootstrapper -- Found @SpringBootConfiguration com.dai.dai.BeG1Dai1CTn2024Application for test class com.dai.dai.BeG1Dai1CTn2024ApplicationTests
10:32:17.567 [main] INFO org.springframework.boot.devtools.restart.RestartApplicationListener -- Restart disabled due to context in which it is running

  .   ____          _            __ _ _
 /\\ / ___'_ __ _ _(_)_ __  __ _ \ \ \ \
( ( )\___ | '_ | '_| | '_ \/ _` | \ \ \ \
 \\/  ___)| |_)| | | | | || (_| |  ) ) ) )
  '  |____| .__|_| |_|_| |_\__, | / / / /
 =========|_|==============|___/=/_/_/_/
 :: Spring Boot ::                (v3.2.4)

2024-06-11T10:32:18.386-03:00  INFO 20284 --- [BE-G1-DAI-1C-TN-2024] [           main] c.d.dai.BeG1Dai1CTn2024ApplicationTests  : Starting BeG1Dai1CTn2024ApplicationTests using Java 17.0.10 with PID 20284 (started by Juan in C:\Users\Juan\Mi unidad\facultad\aplicaciones distribuidas\TPO)
2024-06-11T10:32:18.389-03:00  INFO 20284 --- [BE-G1-DAI-1C-TN-2024] [           main] c.d.dai.BeG1Dai1CTn2024ApplicationTests  : No active profile set, falling back to 1 default profile: "default"
2024-06-11T10:32:20.068-03:00  INFO 20284 --- [BE-G1-DAI-1C-TN-2024] [           main] .s.d.r.c.RepositoryConfigurationDelegate : Bootstrapping Spring Data JPA repositories in DEFAULT mode.
2024-06-11T10:32:20.190-03:00  INFO 20284 --- [BE-G1-DAI-1C-TN-2024] [           main] .s.d.r.c.RepositoryConfigurationDelegate : Finished Spring Data repository scanning in 106 ms. Found 3 JPA repository interfaces.
2024-06-11T10:32:21.348-03:00  INFO 20284 --- [BE-G1-DAI-1C-TN-2024] [           main] com.zaxxer.hikari.HikariDataSource       : HikariPool-1 - Starting...
2024-06-11T10:32:23.712-03:00  INFO 20284 --- [BE-G1-DAI-1C-TN-2024] [           main] com.zaxxer.hikari.pool.HikariPool        : HikariPool-1 - Added connection org.postgresql.jdbc.PgConnection@1c1fa494
2024-06-11T10:32:23.715-03:00  INFO 20284 --- [BE-G1-DAI-1C-TN-2024] [           main] com.zaxxer.hikari.HikariDataSource       : HikariPool-1 - Start completed.
2024-06-11T10:32:23.807-03:00  INFO 20284 --- [BE-G1-DAI-1C-TN-2024] [           main] o.hibernate.jpa.internal.util.LogHelper  : HHH000204: Processing PersistenceUnitInfo [name: default]
2024-06-11T10:32:23.947-03:00  INFO 20284 --- [BE-G1-DAI-1C-TN-2024] [           main] org.hibernate.Version                    : HHH000412: Hibernate ORM core version 6.4.4.Final
2024-06-11T10:32:24.035-03:00  INFO 20284 --- [BE-G1-DAI-1C-TN-2024] [           main] o.h.c.internal.RegionFactoryInitiator    : HHH000026: Second-level cache disabled
2024-06-11T10:32:24.564-03:00  INFO 20284 --- [BE-G1-DAI-1C-TN-2024] [           main] o.s.o.j.p.SpringPersistenceUnitInfo      : No LoadTimeWeaver setup: ignoring JPA class transformer
2024-06-11T10:32:27.014-03:00  INFO 20284 --- [BE-G1-DAI-1C-TN-2024] [           main] o.h.e.t.j.p.i.JtaPlatformInitiator       : HHH000489: No JTA platform available (set 'hibernate.transaction.jta.platform' to enable JTA platform integration)
2024-06-11T10:32:27.018-03:00  INFO 20284 --- [BE-G1-DAI-1C-TN-2024] [           main] j.LocalContainerEntityManagerFactoryBean : Initialized JPA EntityManagerFactory for persistence unit 'default'
2024-06-11T10:32:27.841-03:00  INFO 20284 --- [BE-G1-DAI-1C-TN-2024] [           main] o.s.d.j.r.query.QueryEnhancerFactory     : Hibernate is in classpath; If applicable, HQL parser will be used.
2024-06-11T10:32:28.185-03:00  WARN 20284 --- [BE-G1-DAI-1C-TN-2024] [           main] JpaBaseConfiguration$JpaWebConfiguration : spring.jpa.open-in-view is enabled by default. Therefore, database queries may be performed during view rendering. Explicitly configure spring.jpa.open-in-view to disable this warning
2024-06-11T10:32:28.891-03:00  INFO 20284 --- [BE-G1-DAI-1C-TN-2024] [           main] o.s.s.web.DefaultSecurityFilterChain     : Will secure any request with [org.springframework.security.web.session.DisableEncodeUrlFilter@1eaf4e77, org.springframework.security.web.context.request.async.WebAsyncManagerIntegrationFilter@23cfc9eb, org.springframework.security.web.context.SecurityContextHolderFilter@4c90fc3b, org.springframework.security.web.header.HeaderWriterFilter@535adf36, org.springframework.web.filter.CorsFilter@14af9f51, org.springframework.security.web.authentication.logout.LogoutFilter@2a728076, com.dai.dai.security.JwtRequestFilter@30b29f55, org.springframework.security.web.savedrequest.RequestCacheAwareFilter@5dfb078, org.springframework.security.web.servletapi.SecurityContextHolderAwareRequestFilter@2d21d12b, org.springframework.security.web.authentication.AnonymousAuthenticationFilter@2bfe4df9, org.springframework.security.web.session.SessionManagementFilter@4fa3bebe, org.springframework.security.web.access.ExceptionTranslationFilter@2e68bd3d, org.springframework.security.web.access.intercept.AuthorizationFilter@1315d910]
2024-06-11T10:32:29.730-03:00  INFO 20284 --- [BE-G1-DAI-1C-TN-2024] [           main] c.d.dai.BeG1Dai1CTn2024ApplicationTests  : Started BeG1Dai1CTn2024ApplicationTests in 12.208 seconds (process running for 14.112)
]]></system-out>
  </testcase>
</testsuite>